TN:
SF:/Users/thomasvanderstraeten/code/hey/mainchain/contracts/crowdsale/Crowdsale.sol
FN:62,
FN:82,
FN:89,token
FN:96,wallet
FN:103,rate
FN:110,weiRaised
FN:120,buyTokens
FN:157,_preValidatePurchase
FN:173,_postValidatePurchase
FN:188,_deliverTokens
FN:202,_processPurchase
FN:216,_updatePurchasingState
FN:230,_getTokenAmount
FN:239,_forwardFunds
FNF:14
FNH:0
FNDA:0,
FNDA:0,
FNDA:0,token
FNDA:0,wallet
FNDA:0,rate
FNDA:0,weiRaised
FNDA:0,buyTokens
FNDA:0,_preValidatePurchase
FNDA:0,_postValidatePurchase
FNDA:0,_deliverTokens
FNDA:0,_processPurchase
FNDA:0,_updatePurchasingState
FNDA:0,_getTokenAmount
FNDA:0,_forwardFunds
DA:63,0
DA:64,0
DA:65,0
DA:67,0
DA:68,0
DA:69,0
DA:83,0
DA:90,0
DA:97,0
DA:104,0
DA:111,0
DA:122,0
DA:123,0
DA:126,0
DA:129,0
DA:131,0
DA:132,0
DA:139,0
DA:141,0
DA:142,0
DA:164,0
DA:165,0
DA:194,0
DA:208,0
DA:233,0
DA:240,0
LF:26
LH:0
BRDA:63,1,0,0
BRDA:63,1,1,0
BRDA:64,2,0,0
BRDA:64,2,1,0
BRDA:65,3,0,0
BRDA:65,3,1,0
BRDA:164,4,0,0
BRDA:164,4,1,0
BRDA:165,5,0,0
BRDA:165,5,1,0
BRF:10
BRH:0
end_of_record
TN:
SF:/Users/thomasvanderstraeten/code/hey/mainchain/contracts/crowdsale/distribution/FinalizableCrowdsale.sol
FN:19,
FN:26,finalized
FN:34,finalize
FN:49,_finalization
FNF:4
FNH:0
FNDA:0,
FNDA:0,finalized
FNDA:0,finalize
FNDA:0,_finalization
DA:20,0
DA:27,0
DA:35,0
DA:36,0
DA:38,0
DA:40,0
DA:41,0
LF:7
LH:0
BRDA:35,1,0,0
BRDA:35,1,1,0
BRDA:36,2,0,0
BRDA:36,2,1,0
BRF:4
BRH:0
end_of_record
TN:
SF:/Users/thomasvanderstraeten/code/hey/mainchain/contracts/crowdsale/validation/TimedCrowdsale.sol
FN:20,onlyWhileOpen
FN:30,
FN:42,openingTime
FN:49,closingTime
FN:56,isOpen
FN:65,hasClosed
FN:75,_preValidatePurchase
FNF:7
FNH:0
FNDA:0,onlyWhileOpen
FNDA:0,
FNDA:0,openingTime
FNDA:0,closingTime
FNDA:0,isOpen
FNDA:0,hasClosed
FNDA:0,_preValidatePurchase
DA:21,0
DA:22,0
DA:32,0
DA:33,0
DA:35,0
DA:36,0
DA:43,0
DA:50,0
DA:58,0
DA:67,0
DA:83,0
LF:11
LH:0
BRDA:21,1,0,0
BRDA:21,1,1,0
BRDA:32,2,0,0
BRDA:32,2,1,0
BRDA:33,3,0,0
BRDA:33,3,1,0
BRF:6
BRH:0
end_of_record
TN:
SF:/Users/thomasvanderstraeten/code/hey/mainchain/contracts/Gateway.sol
FN:23,
FN:30,withdrawERC20
FN:40,onERC20Received
FNF:3
FNH:2
FNDA:5,
FNDA:2,withdrawERC20
FNDA:0,onERC20Received
DA:27,5
DA:36,2
DA:37,2
DA:44,0
DA:45,0
LF:5
LH:3
BRF:0
BRH:0
end_of_record
TN:
SF:/Users/thomasvanderstraeten/code/hey/mainchain/contracts/gateway/ECVerify.sol
FN:11,recover
FN:33,ecverify
FNF:2
FNH:1
FNDA:4,recover
FNDA:0,ecverify
DA:12,4
DA:13,4
DA:15,4
DA:16,4
DA:17,4
DA:18,4
DA:24,4
DA:25,4
DA:27,0
DA:30,4
DA:34,0
LF:11
LH:9
BRDA:12,1,0,4
BRDA:12,1,1,0
BRDA:24,2,0,4
BRDA:24,2,1,0
BRDA:26,3,0,0
BRDA:26,3,1,0
BRF:6
BRH:2
end_of_record
TN:
SF:/Users/thomasvanderstraeten/code/hey/mainchain/contracts/gateway/ERC20Receiver.sol
FNF:0
FNH:0
LF:0
LH:0
BRF:0
BRH:0
end_of_record
TN:
SF:/Users/thomasvanderstraeten/code/hey/mainchain/contracts/gateway/ValidatorsManagerContract.sol
FN:22,
FN:38,isVerifiedByValidator
FN:53,checkValidator
FN:61,addValidator
FN:77,removeValidator
FN:96,checkThreshold
FNF:6
FNH:3
FNDA:5,
FNDA:4,isVerifiedByValidator
FNDA:1,checkValidator
FNDA:0,addValidator
FNDA:0,removeValidator
FNDA:0,checkThreshold
DA:23,5
DA:25,5
DA:26,5
DA:28,5
DA:29,5
DA:30,5
DA:31,5
DA:32,5
DA:33,5
DA:35,5
DA:43,4
DA:47,4
DA:48,4
DA:49,2
DA:50,2
DA:55,1
DA:56,0
DA:58,1
DA:64,0
DA:67,0
DA:68,0
DA:71,0
DA:72,0
DA:73,0
DA:74,0
DA:80,0
DA:82,0
DA:85,0
DA:86,0
DA:88,0
DA:89,0
DA:90,0
DA:91,0
DA:97,0
DA:99,0
DA:102,0
DA:103,0
DA:110,0
DA:111,0
DA:112,0
DA:113,0
DA:114,0
LF:42
LH:17
BRDA:26,1,0,5
BRDA:26,1,1,0
BRDA:31,2,0,5
BRDA:31,2,1,0
BRDA:48,3,0,2
BRDA:48,3,1,2
BRDA:55,4,0,0
BRDA:55,4,1,1
BRDA:64,5,0,0
BRDA:64,5,1,0
BRDA:80,6,0,0
BRDA:80,6,1,0
BRDA:82,7,0,0
BRDA:82,7,1,0
BRDA:97,8,0,0
BRDA:97,8,1,0
BRDA:99,9,0,0
BRDA:99,9,1,0
BRDA:113,10,0,0
BRDA:113,10,1,0
BRF:20
BRH:5
end_of_record
TN:
SF:/Users/thomasvanderstraeten/code/hey/mainchain/contracts/HeyCrowdsale.sol
FN:35,
FN:56,_preValidatePurchase
FN:68,_getTokenAmount
FN:80,getCurrentRate
FN:97,_finalization
FNF:5
FNH:0
FNDA:0,
FNDA:0,_preValidatePurchase
FNDA:0,_getTokenAmount
FNDA:0,getCurrentRate
FNDA:0,_finalization
DA:48,0
DA:49,0
DA:50,0
DA:51,0
DA:52,0
DA:63,0
DA:64,0
DA:75,0
DA:85,0
DA:86,0
DA:88,0
DA:100,0
DA:101,0
DA:102,0
LF:14
LH:0
BRDA:64,1,0,0
BRDA:64,1,1,0
BRDA:85,2,0,0
BRDA:85,2,1,0
BRF:4
BRH:0
end_of_record
TN:
SF:/Users/thomasvanderstraeten/code/hey/mainchain/contracts/HeyToken.sol
FN:24,
FNF:1
FNH:1
FNDA:44,
DA:25,44
LF:1
LH:1
BRF:0
BRH:0
end_of_record
TN:
SF:/Users/thomasvanderstraeten/code/hey/mainchain/contracts/lifecycle/Pausable.sol
FN:19,paused
FN:26,whenNotPaused
FN:34,whenPaused
FN:42,pause
FN:50,unpause
FNF:5
FNH:0
FNDA:0,paused
FNDA:0,whenNotPaused
FNDA:0,whenPaused
FNDA:0,pause
FNDA:0,unpause
DA:20,0
DA:27,0
DA:28,0
DA:35,0
DA:36,0
DA:43,0
DA:44,0
DA:51,0
DA:52,0
LF:9
LH:0
BRDA:27,1,0,0
BRDA:27,1,1,0
BRDA:35,2,0,0
BRDA:35,2,1,0
BRF:4
BRH:0
end_of_record
TN:
SF:/Users/thomasvanderstraeten/code/hey/mainchain/contracts/math/Math.sol
FN:8,max
FN:12,min
FN:16,average
FNF:3
FNH:0
FNDA:0,max
FNDA:0,min
FNDA:0,average
DA:9,0
DA:13,0
DA:18,0
LF:3
LH:0
BRF:0
BRH:0
end_of_record
TN:
SF:/Users/thomasvanderstraeten/code/hey/mainchain/contracts/math/SafeMath.sol
FN:12,mul
FN:29,div
FN:40,sub
FN:50,add
FN:61,mod
FNF:5
FNH:2
FNDA:0,mul
FNDA:0,div
FNDA:25,sub
FNDA:106,add
FNDA:0,mod
DA:16,0
DA:17,0
DA:20,0
DA:21,0
DA:23,0
DA:30,0
DA:31,0
DA:34,0
DA:41,25
DA:42,21
DA:44,21
DA:51,106
DA:52,106
DA:54,106
DA:62,0
DA:63,0
LF:16
LH:6
BRDA:16,1,0,0
BRDA:16,1,1,0
BRDA:21,2,0,0
BRDA:21,2,1,0
BRDA:30,3,0,0
BRDA:30,3,1,0
BRDA:41,4,0,21
BRDA:41,4,1,4
BRDA:52,5,0,106
BRDA:52,5,1,0
BRDA:62,6,0,0
BRDA:62,6,1,0
BRF:12
BRH:3
end_of_record
TN:
SF:/Users/thomasvanderstraeten/code/hey/mainchain/contracts/ownership/Ownable.sol
FN:21,
FN:28,onlyOwner
FN:37,transferOwnership
FN:46,renounceOwnership
FNF:4
FNH:1
FNDA:5,
FNDA:0,onlyOwner
FNDA:0,transferOwnership
FNDA:0,renounceOwnership
DA:22,5
DA:29,0
DA:30,0
DA:38,0
DA:39,0
DA:40,0
DA:47,0
DA:48,0
LF:8
LH:1
BRDA:29,1,0,0
BRDA:29,1,1,0
BRDA:38,2,0,0
BRDA:38,2,1,0
BRF:4
BRH:0
end_of_record
TN:
SF:/Users/thomasvanderstraeten/code/hey/mainchain/contracts/token/ERC20.sol
FN:25,totalSupply
FN:34,balanceOf
FN:44,allowance
FN:60,transfer
FN:79,approve
FN:93,transferFrom
FN:121,increaseAllowance
FN:145,decreaseAllowance
FN:167,_mint
FN:180,_burn
FN:196,_burnFrom
FNF:11
FNH:9
FNDA:1,totalSupply
FNDA:13,balanceOf
FNDA:13,allowance
FNDA:11,transfer
FNDA:26,approve
FNDA:7,transferFrom
FNDA:7,increaseAllowance
FNDA:11,decreaseAllowance
FNDA:44,_mint
FNDA:0,_burn
FNDA:0,_burnFrom
DA:26,1
DA:35,13
DA:52,13
DA:61,11
DA:62,10
DA:64,9
DA:65,9
DA:66,9
DA:67,9
DA:80,26
DA:82,25
DA:83,25
DA:84,25
DA:101,7
DA:102,7
DA:103,4
DA:105,3
DA:106,3
DA:107,3
DA:108,3
DA:109,3
DA:128,7
DA:130,6
DA:132,6
DA:133,6
DA:152,11
DA:154,10
DA:156,6
DA:157,6
DA:168,44
DA:169,44
DA:170,44
DA:171,44
DA:181,0
DA:182,0
DA:184,0
DA:185,0
DA:186,0
DA:197,0
DA:201,0
DA:203,0
LF:41
LH:33
BRDA:61,1,0,10
BRDA:61,1,1,1
BRDA:62,2,0,9
BRDA:62,2,1,1
BRDA:80,3,0,25
BRDA:80,3,1,1
BRDA:101,4,0,7
BRDA:101,4,1,0
BRDA:102,5,0,4
BRDA:102,5,1,3
BRDA:103,6,0,3
BRDA:103,6,1,1
BRDA:128,7,0,6
BRDA:128,7,1,1
BRDA:152,8,0,10
BRDA:152,8,1,1
BRDA:168,9,0,44
BRDA:168,9,1,0
BRDA:181,10,0,0
BRDA:181,10,1,0
BRDA:182,11,0,0
BRDA:182,11,1,0
BRDA:197,12,0,0
BRDA:197,12,1,0
BRF:24
BRH:16
end_of_record
TN:
SF:/Users/thomasvanderstraeten/code/hey/mainchain/contracts/token/IERC20.sol
FNF:0
FNH:0
LF:0
LH:0
BRF:0
BRH:0
end_of_record
TN:
SF:/Users/thomasvanderstraeten/code/hey/mainchain/contracts/token/SafeERC20.sol
FN:13,safeTransfer
FN:23,safeTransferFrom
FN:34,safeApprove
FNF:3
FNH:0
FNDA:0,safeTransfer
FNDA:0,safeTransferFrom
FNDA:0,safeApprove
DA:20,0
DA:31,0
DA:41,0
LF:3
LH:0
BRDA:20,1,0,0
BRDA:20,1,1,0
BRDA:31,2,0,0
BRDA:31,2,1,0
BRDA:41,3,0,0
BRDA:41,3,1,0
BRF:6
BRH:0
end_of_record
TN:
SF:/Users/thomasvanderstraeten/code/hey/mainchain/contracts/utils/ReentrancyGuard.sol
FN:15,
FN:28,nonReentrant
FNF:2
FNH:0
FNDA:0,
FNDA:0,nonReentrant
DA:18,0
DA:29,0
DA:30,0
DA:31,0
DA:32,0
LF:5
LH:0
BRDA:32,1,0,0
BRDA:32,1,1,0
BRF:2
BRH:0
end_of_record
TN:
SF:/Users/thomasvanderstraeten/code/hey/mainchain/contracts/VestingTrustee.sol
FN:38,
FN:51,createGrant
FN:90,revoke
FN:111,vestedTokens
FN:138,calculateVestedTokens
FN:155,unlockVestedTokens
FNF:6
FNH:0
FNDA:0,
FNDA:0,createGrant
FNDA:0,revoke
FNDA:0,vestedTokens
FNDA:0,calculateVestedTokens
FNDA:0,unlockVestedTokens
DA:39,0
DA:41,0
DA:60,0
DA:61,0
DA:64,0
DA:67,0
DA:70,0
DA:73,0
DA:83,0
DA:85,0
DA:91,0
DA:93,0
DA:96,0
DA:99,0
DA:101,0
DA:102,0
DA:104,0
DA:112,0
DA:113,0
DA:114,0
DA:117,0
DA:140,0
DA:141,0
DA:145,0
DA:146,0
DA:150,0
DA:156,0
DA:157,0
DA:160,0
DA:161,0
DA:162,0
DA:166,0
DA:167,0
DA:168,0
DA:171,0
DA:172,0
DA:173,0
DA:175,0
LF:38
LH:0
BRDA:39,1,0,0
BRDA:39,1,1,0
BRDA:60,2,0,0
BRDA:60,2,1,0
BRDA:61,3,0,0
BRDA:61,3,1,0
BRDA:64,4,0,0
BRDA:64,4,1,0
BRDA:67,5,0,0
BRDA:67,5,1,0
BRDA:70,6,0,0
BRDA:70,6,1,0
BRDA:93,7,0,0
BRDA:93,7,1,0
BRDA:113,8,0,0
BRDA:113,8,1,0
BRDA:140,9,0,0
BRDA:140,9,1,0
BRDA:145,10,0,0
BRDA:145,10,1,0
BRDA:157,11,0,0
BRDA:157,11,1,0
BRDA:161,12,0,0
BRDA:161,12,1,0
BRDA:167,13,0,0
BRDA:167,13,1,0
BRF:26
BRH:0
end_of_record
